TN:
SF:/home/lea/Desktop/QwirkleInC/Qwirkle/Vue/affichage_sdl.c
FN:27,affichage_init
FN:51,initialisation_TTF
FN:74,createWindow
FN:98,createRenderer
FN:121,affichage_pause
FN:136,createTexture
FN:164,loadImage
FN:195,createFraming
FN:215,affichageEcran
FN:236,splashscreen
FN:275,setPolice
FN:307,writeThis
FN:338,affichageScore
FN:375,affichageScore_demo
FN:411,affichage_message
FN:437,supprime_zonemessage
FN:456,affiche_Tisok_message
FN:509,affichage_trackingerror
FN:541,affichage_isregleok
FN:577,affichage_sac
FN:606,loadTuilefromData
FN:718,affiche_plateau_17x17
FN:768,affiche_tuiles_provisoires_17x17
FN:835,affiche_main_joueur_courant
FN:854,affiche_bouton_OK
FN:881,supprime_bouton_OK
FN:899,affiche_bouton_fin_du_tour
FN:917,supprime_bouton_fin_du_tour
FN:935,affiche_poser
FN:954,affiche_bouton_retour
FN:973,supprime_bouton_retour
FN:991,affiche_piocher
FN:1009,affiche_passer_son_tour
FN:1028,supprime_poser
FN:1048,supprime_piocher
FN:1068,affichage_fleches_plateau
FN:1103,affichageJoueurCourant
FN:1141,affichageJoueurCourant_demo
FN:1184,affichage_selection_tuiles
FN:1206,supprime_selection_tuiles
FN:1228,affichage_selection_tuiles_finales
FN:1249,affichageFin
FN:1319,affichageFinTour
FNDA:2,affichage_init
FNDA:2,initialisation_TTF
FNDA:2,createWindow
FNDA:2,createRenderer
FNDA:2,affichage_pause
FNDA:768,createTexture
FNDA:577,loadImage
FNDA:513,createFraming
FNDA:15,affichageEcran
FNDA:2,splashscreen
FNDA:146,setPolice
FNDA:191,writeThis
FNDA:0,affichageScore
FNDA:15,affichageScore_demo
FNDA:87,affichage_message
FNDA:88,supprime_zonemessage
FNDA:15,affiche_Tisok_message
FNDA:25,affichage_trackingerror
FNDA:25,affichage_isregleok
FNDA:15,affichage_sac
FNDA:253,loadTuilefromData
FNDA:15,affiche_plateau_17x17
FNDA:30,affiche_tuiles_provisoires_17x17
FNDA:17,affiche_main_joueur_courant
FNDA:16,affiche_bouton_OK
FNDA:14,supprime_bouton_OK
FNDA:27,affiche_bouton_fin_du_tour
FNDA:13,supprime_bouton_fin_du_tour
FNDA:15,affiche_poser
FNDA:13,affiche_bouton_retour
FNDA:13,supprime_bouton_retour
FNDA:15,affiche_piocher
FNDA:0,affiche_passer_son_tour
FNDA:13,supprime_poser
FNDA:13,supprime_piocher
FNDA:15,affichage_fleches_plateau
FNDA:0,affichageJoueurCourant
FNDA:15,affichageJoueurCourant_demo
FNDA:18,affichage_selection_tuiles
FNDA:18,supprime_selection_tuiles
FNDA:14,affichage_selection_tuiles_finales
FNDA:0,affichageFin
FNDA:13,affichageFinTour
FNF:43
FNH:39
DA:27,2
DA:30,2
DA:33,0
DA:34,0
DA:35,0
DA:36,0
DA:38,2
DA:39,2
DA:51,2
DA:53,2
DA:55,0
DA:56,0
DA:57,0
DA:58,0
DA:60,2
DA:61,2
DA:74,2
DA:76,2
DA:78,2
DA:80,0
DA:81,0
DA:82,0
DA:83,0
DA:85,2
DA:86,2
DA:98,2
DA:100,2
DA:101,2
DA:103,0
DA:104,0
DA:105,0
DA:106,0
DA:108,2
DA:109,2
DA:121,2
DA:123,2
DA:124,2
DA:125,2
DA:136,768
DA:139,768
DA:140,768
DA:141,768
DA:142,768
DA:144,0
DA:145,0
DA:146,0
DA:147,0
DA:149,768
DA:151,768
DA:164,577
DA:166,577
DA:167,577
DA:169,577
DA:171,0
DA:172,0
DA:173,0
DA:174,0
DA:176,577
DA:178,577
DA:180,577
DA:182,577
DA:195,513
DA:199,513
DA:200,513
DA:201,513
DA:202,513
DA:204,513
DA:215,15
DA:217,15
DA:218,15
DA:219,15
DA:220,15
DA:221,15
DA:222,15
DA:225,15
DA:236,2
DA:238,2
DA:239,2
DA:243,2
DA:244,2
DA:245,2
DA:246,2
DA:248,2
DA:249,2
DA:250,2
DA:251,2
DA:253,2
DA:254,2
DA:255,2
DA:256,2
DA:257,2
DA:259,2
DA:261,2
DA:262,2
DA:263,2
DA:275,146
DA:277,146
DA:278,146
DA:279,146
DA:281,0
DA:282,0
DA:283,0
DA:284,0
DA:287,146
DA:288,146
DA:307,191
DA:309,191
DA:310,191
DA:312,191
DA:314,0
DA:315,0
DA:316,0
DA:317,0
DA:319,191
DA:321,191
DA:322,191
DA:324,191
DA:326,191
DA:327,191
DA:338,0
DA:341,0
DA:342,0
DA:343,0
DA:344,0
DA:348,0
DA:350,0
DA:351,0
DA:352,0
DA:354,0
DA:356,0
DA:357,0
DA:358,0
DA:359,0
DA:361,0
DA:362,0
DA:363,0
DA:365,0
DA:375,15
DA:378,15
DA:379,15
DA:380,15
DA:381,15
DA:385,15
DA:387,15
DA:388,15
DA:389,15
DA:391,75
DA:393,60
DA:394,60
DA:395,60
DA:396,60
DA:398,15
DA:399,15
DA:400,15
DA:402,15
DA:411,87
DA:413,87
DA:414,87
DA:416,87
DA:418,87
DA:419,87
DA:422,87
DA:423,87
DA:424,87
DA:425,87
DA:426,87
DA:437,88
DA:440,88
DA:441,88
DA:442,88
DA:445,88
DA:456,15
DA:458,15
DA:459,15
DA:461,15
DA:463,15
DA:465,14
DA:467,1
DA:469,0
DA:471,1
DA:473,1
DA:475,0
DA:477,0
DA:479,0
DA:481,0
DA:483,0
DA:485,0
DA:487,0
DA:489,0
DA:495,0
DA:498,15
DA:509,25
DA:511,25
DA:512,25
DA:514,0
DA:515,0
DA:517,0
DA:521,0
DA:527,25
DA:530,25
DA:541,25
DA:543,25
DA:544,25
DA:546,14
DA:547,14
DA:549,14
DA:551,0
DA:555,14
DA:556,14
DA:557,14
DA:563,11
DA:566,25
DA:577,15
DA:580,15
DA:581,15
DA:582,15
DA:583,15
DA:584,15
DA:585,15
DA:586,15
DA:587,15
DA:588,15
DA:589,15
DA:590,15
DA:591,15
DA:592,15
DA:593,15
DA:595,15
DA:606,253
DA:608,253
DA:610,0
DA:611,0
DA:613,253
DA:614,253
DA:615,253
DA:618,248
DA:621,81
DA:622,81
DA:623,81
DA:625,22
DA:626,22
DA:628,22
DA:630,37
DA:631,37
DA:633,37
DA:635,15
DA:636,15
DA:638,15
DA:640,25
DA:641,25
DA:643,25
DA:645,68
DA:646,68
DA:648,68
DA:651,248
DA:654,50
DA:655,50
DA:656,50
DA:658,30
DA:659,30
DA:661,30
DA:663,67
DA:664,67
DA:666,67
DA:668,55
DA:669,55
DA:671,55
DA:673,21
DA:674,21
DA:676,21
DA:678,25
DA:679,25
DA:681,25
DA:686,5
DA:690,253
DA:691,253
DA:692,253
DA:693,253
DA:694,253
DA:718,15
DA:720,15
DA:722,0
DA:723,0
DA:726,270
DA:728,4590
DA:730,4335
DA:732,127
DA:733,127
DA:735,4335
DA:737,0
DA:739,0
DA:743,15
DA:768,30
DA:771,30
DA:773,0
DA:774,0
DA:776,30
DA:777,30
DA:779,210
DA:781,180
DA:783,19
DA:785,19
DA:787,19
DA:788,19
DA:790,19
DA:791,19
DA:796,180
DA:798,19
DA:800,5
DA:802,5
DA:803,5
DA:805,5
DA:806,5
DA:813,30
DA:835,17
DA:837,119
DA:839,102
DA:840,102
DA:841,102
DA:843,17
DA:854,16
DA:856,16
DA:857,16
DA:858,16
DA:859,16
DA:860,16
DA:861,16
DA:862,16
DA:863,16
DA:864,16
DA:865,16
DA:866,16
DA:867,16
DA:868,16
DA:869,16
DA:870,16
DA:881,14
DA:883,14
DA:884,14
DA:885,14
DA:886,14
DA:887,14
DA:888,14
DA:899,27
DA:901,27
DA:902,27
DA:903,27
DA:904,27
DA:905,27
DA:906,27
DA:917,13
DA:919,13
DA:920,13
DA:921,13
DA:922,13
DA:923,13
DA:924,13
DA:935,15
DA:937,15
DA:938,15
DA:939,15
DA:940,15
DA:941,15
DA:942,15
DA:954,13
DA:956,13
DA:957,13
DA:958,13
DA:959,13
DA:960,13
DA:961,13
DA:973,13
DA:975,13
DA:976,13
DA:977,13
DA:978,13
DA:979,13
DA:980,13
DA:991,15
DA:993,15
DA:994,15
DA:995,15
DA:996,15
DA:997,15
DA:998,15
DA:1009,0
DA:1011,0
DA:1012,0
DA:1013,0
DA:1014,0
DA:1015,0
DA:1016,0
DA:1028,13
DA:1031,13
DA:1032,13
DA:1033,13
DA:1034,13
DA:1035,13
DA:1037,13
DA:1048,13
DA:1051,13
DA:1052,13
DA:1053,13
DA:1054,13
DA:1055,13
DA:1057,13
DA:1068,15
DA:1071,15
DA:1073,15
DA:1075,15
DA:1077,15
DA:1078,15
DA:1079,15
DA:1081,15
DA:1082,15
DA:1083,15
DA:1085,15
DA:1086,15
DA:1087,15
DA:1089,15
DA:1090,15
DA:1092,15
DA:1103,0
DA:1107,0
DA:1112,0
DA:1113,0
DA:1115,0
DA:1117,0
DA:1120,0
DA:1123,0
DA:1124,0
DA:1126,0
DA:1127,0
DA:1131,0
DA:1132,0
DA:1141,15
DA:1145,15
DA:1150,15
DA:1151,15
DA:1153,15
DA:1155,75
DA:1158,60
DA:1161,15
DA:1162,15
DA:1164,15
DA:1165,15
DA:1169,15
DA:1170,15
DA:1184,18
DA:1186,18
DA:1187,18
DA:1188,18
DA:1189,18
DA:1190,18
DA:1191,18
DA:1206,18
DA:1208,18
DA:1209,18
DA:1210,18
DA:1211,18
DA:1212,18
DA:1213,18
DA:1228,14
DA:1230,14
DA:1231,14
DA:1232,14
DA:1233,14
DA:1234,14
DA:1235,14
DA:1249,0
DA:1253,0
DA:1254,0
DA:1255,0
DA:1256,0
DA:1257,0
DA:1258,0
DA:1259,0
DA:1265,0
DA:1267,0
DA:1268,0
DA:1269,0
DA:1270,0
DA:1274,0
DA:1275,0
DA:1276,0
DA:1278,0
DA:1280,0
DA:1281,0
DA:1285,0
DA:1286,0
DA:1287,0
DA:1293,0
DA:1295,0
DA:1296,0
DA:1297,0
DA:1298,0
DA:1301,0
DA:1302,0
DA:1303,0
DA:1305,0
DA:1319,13
DA:1321,13
DA:1322,13
DA:1323,13
DA:1324,13
DA:1325,13
DA:1333,13
DA:1334,13
DA:1336,13
DA:1337,13
DA:1338,13
DA:1341,13
DA:1342,13
DA:1343,13
DA:1346,13
DA:1347,13
DA:1348,13
DA:1351,13
LF:518
LH:394
end_of_record
TN:
SF:/home/lea/Desktop/QwirkleInC/Qwirkle/Modele/test_plateau.c
FN:11,setup_zero
FN:24,test_poserTuile
FN:38,test_modifieZonedeJeu
FN:58,test_iscaseEmpty
FN:69,teardown
FN:75,main_test_plateau
FNDA:9,setup_zero
FNDA:3,test_poserTuile
FNDA:3,test_modifieZonedeJeu
FNDA:3,test_iscaseEmpty
FNDA:9,teardown
FNDA:3,main_test_plateau
FNF:6
FNH:6
DA:11,9
DA:13,9
DA:14,9
DA:16,0
DA:17,0
DA:19,9
DA:21,9
DA:24,3
DA:26,3
DA:27,3
DA:29,3
DA:31,3
DA:32,3
DA:33,3
DA:34,3
DA:36,3
DA:38,3
DA:39,3
DA:40,3
DA:41,3
DA:43,3
DA:44,3
DA:45,3
DA:46,3
DA:48,3
DA:49,3
DA:51,3
DA:52,3
DA:53,3
DA:54,3
DA:55,3
DA:56,3
DA:58,3
DA:59,3
DA:60,3
DA:62,3
DA:64,3
DA:65,3
DA:67,3
DA:69,9
DA:71,9
DA:72,9
DA:75,3
DA:77,3
DA:83,3
LF:45
LH:43
end_of_record
TN:
SF:/home/lea/Desktop/QwirkleInC/Qwirkle/Modele/score.c
FN:33,majPoints
FN:93,getPosX
FN:106,getPosY
FN:119,isDejaComptee
FN:143,majPointsV0
FN:168,appartient2lignes
FN:190,poseTuilevirtuel
FN:212,supprTuileVirtuel
FNDA:14,majPoints
FNDA:286,getPosX
FNDA:286,getPosY
FNDA:66,isDejaComptee
FNDA:9,majPointsV0
FNDA:23,appartient2lignes
FNDA:63,poseTuilevirtuel
FNDA:60,supprTuileVirtuel
FNF:8
FNH:8
DA:33,14
DA:35,14
DA:36,14
DA:37,14
DA:38,14
DA:39,14
DA:40,14
DA:41,14
DA:42,98
DA:44,84
DA:45,84
DA:46,84
DA:48,17
DA:50,14
DA:51,14
DA:52,14
DA:53,14
DA:55,85
DA:57,68
DA:59,22
DA:60,87
DA:62,43
DA:64,38
DA:65,38
DA:66,38
DA:67,38
DA:68,38
DA:69,38
DA:71,43
DA:75,17
DA:76,4
DA:77,17
DA:78,1
DA:81,14
DA:82,14
DA:93,286
DA:95,286
DA:106,286
DA:108,286
DA:119,66
DA:121,66
DA:122,66
DA:123,66
DA:124,2827
DA:126,2772
DA:128,11
DA:131,55
DA:143,9
DA:145,9
DA:146,9
DA:147,63
DA:149,54
DA:151,27
DA:152,27
DA:155,9
DA:156,3
DA:157,9
DA:168,23
DA:170,23
DA:171,23
DA:172,5
DA:173,23
DA:174,3
DA:175,23
DA:176,3
DA:177,23
DA:178,4
DA:179,23
DA:190,63
DA:193,441
DA:195,378
DA:197,84
DA:198,84
DA:199,84
DA:202,63
DA:212,60
DA:215,420
DA:217,360
DA:219,78
DA:220,78
DA:221,78
DA:225,60
LF:82
LH:82
end_of_record
TN:
SF:/home/lea/Desktop/QwirkleInC/Qwirkle/Modele/test_score.c
FN:22,setup_zero
FN:31,setup_un
FN:43,teardown
FN:49,teardown1
FN:54,test_getPosX
FN:61,test_getPosY
FN:67,test_majPointsV0
FN:80,test_isDejaComptee
FN:94,test_appartienta2lignes
FN:107,test_poseTuilevirtuel
FN:122,test_supprTuilevirtuel
FN:140,test_majPoints
FN:154,main_test_score
FNDA:21,setup_zero
FNDA:3,setup_un
FNDA:21,teardown
FNDA:3,teardown1
FNDA:3,test_getPosX
FNDA:3,test_getPosY
FNDA:3,test_majPointsV0
FNDA:3,test_isDejaComptee
FNDA:3,test_appartienta2lignes
FNDA:3,test_poseTuilevirtuel
FNDA:3,test_supprTuilevirtuel
FNDA:3,test_majPoints
FNDA:3,main_test_score
FNF:13
FNH:13
DA:22,21
DA:24,21
DA:25,21
DA:26,0
DA:27,21
DA:28,21
DA:31,3
DA:33,3
DA:34,3
DA:35,0
DA:36,3
DA:37,3
DA:38,3
DA:39,3
DA:40,3
DA:43,21
DA:45,21
DA:46,21
DA:49,3
DA:51,3
DA:52,3
DA:54,3
DA:56,3
DA:57,3
DA:58,3
DA:59,3
DA:61,3
DA:63,3
DA:64,3
DA:65,3
DA:66,3
DA:67,3
DA:69,3
DA:70,3
DA:71,3
DA:72,3
DA:73,3
DA:74,3
DA:75,3
DA:76,3
DA:77,3
DA:78,3
DA:79,3
DA:80,3
DA:82,3
DA:83,3
DA:84,3
DA:85,3
DA:86,3
DA:87,3
DA:88,3
DA:89,3
DA:90,3
DA:91,3
DA:92,3
DA:94,3
DA:96,3
DA:97,3
DA:99,3
DA:100,3
DA:101,3
DA:103,3
DA:104,3
DA:105,3
DA:107,3
DA:109,3
DA:110,3
DA:111,3
DA:112,3
DA:113,3
DA:114,3
DA:115,3
DA:116,3
DA:117,3
DA:118,3
DA:119,3
DA:120,3
DA:122,3
DA:124,3
DA:125,3
DA:126,3
DA:127,3
DA:128,3
DA:129,3
DA:130,3
DA:131,3
DA:132,3
DA:133,3
DA:134,3
DA:135,3
DA:136,3
DA:137,3
DA:138,3
DA:140,3
DA:142,3
DA:143,3
DA:146,3
DA:147,3
DA:148,3
DA:149,3
DA:150,3
DA:152,3
DA:154,3
DA:156,3
DA:167,3
LF:105
LH:103
end_of_record
TN:
SF:/home/lea/Desktop/QwirkleInC/Qwirkle/Modele/test_regle.c
FN:25,setup_regles
FN:37,test_criterepose
FN:56,test_respectcriterepose
FN:85,test_dejaPosee
FN:103,test_isColorFormeCorrect
FN:136,test_nextDir
FN:145,test_hasvoisinTuile
FN:158,test_getTuileplateau
FN:173,teardown
FN:179,main_test_regles
FNDA:6,setup_regles
FNDA:1,test_criterepose
FNDA:1,test_respectcriterepose
FNDA:1,test_dejaPosee
FNDA:1,test_isColorFormeCorrect
FNDA:1,test_nextDir
FNDA:1,test_hasvoisinTuile
FNDA:1,test_getTuileplateau
FNDA:6,teardown
FNDA:1,main_test_regles
FNF:10
FNH:10
DA:25,6
DA:27,6
DA:28,6
DA:30,0
DA:31,0
DA:33,6
DA:34,6
DA:37,1
DA:39,1
DA:40,1
DA:41,1
DA:42,1
DA:43,1
DA:44,1
DA:45,1
DA:46,1
DA:48,1
DA:49,1
DA:51,1
DA:52,1
DA:53,1
DA:54,1
DA:56,1
DA:58,1
DA:60,1
DA:61,1
DA:62,1
DA:63,1
DA:64,1
DA:65,1
DA:66,1
DA:67,1
DA:68,1
DA:69,1
DA:71,1
DA:72,1
DA:74,1
DA:75,1
DA:76,1
DA:79,1
DA:80,1
DA:81,1
DA:84,1
DA:85,1
DA:87,1
DA:89,1
DA:90,1
DA:91,1
DA:92,1
DA:93,1
DA:94,1
DA:95,1
DA:97,1
DA:98,1
DA:101,1
DA:103,1
DA:105,1
DA:107,1
DA:108,1
DA:109,1
DA:110,1
DA:111,1
DA:112,1
DA:113,1
DA:114,1
DA:115,1
DA:116,1
DA:118,1
DA:119,1
DA:121,1
DA:122,1
DA:123,1
DA:125,1
DA:126,1
DA:128,1
DA:129,1
DA:131,1
DA:132,1
DA:133,1
DA:135,1
DA:136,1
DA:138,1
DA:139,1
DA:140,1
DA:141,1
DA:143,1
DA:145,1
DA:147,1
DA:149,1
DA:150,1
DA:151,1
DA:152,1
DA:153,1
DA:155,1
DA:158,1
DA:160,1
DA:162,1
DA:163,1
DA:165,1
DA:166,1
DA:167,1
DA:168,1
DA:169,1
DA:173,6
DA:175,6
DA:176,6
DA:179,1
DA:181,1
DA:192,1
LF:109
LH:107
end_of_record
TN:
SF:/home/lea/Desktop/QwirkleInC/Qwirkle/Modele/test_partie.c
FN:10,setupdistributionInit
FN:42,setupplacerTuilemilieu
FN:70,setupCommencerPartie
FN:84,teardown
FN:91,test_distributionInit
FN:105,test_joueurSuivant
FN:116,test_placerTuileMilieu
FN:124,test_getJoueurCourant
FN:131,test_getJoueurCourantNULL
FN:138,main_test_partie
FNDA:3,setupdistributionInit
FNDA:3,setupplacerTuilemilieu
FNDA:6,setupCommencerPartie
FNDA:12,teardown
FNDA:3,test_distributionInit
FNDA:3,test_joueurSuivant
FNDA:3,test_placerTuileMilieu
FNDA:3,test_getJoueurCourant
FNDA:3,test_getJoueurCourantNULL
FNDA:3,main_test_partie
FNF:10
FNH:10
DA:10,3
DA:12,3
DA:13,3
DA:15,3
DA:17,0
DA:18,0
DA:20,3
DA:22,12
DA:24,9
DA:26,9
DA:28,3
DA:29,3
DA:30,3
DA:31,3
DA:32,3
DA:33,3
DA:34,3
DA:37,3
DA:39,3
DA:42,3
DA:44,3
DA:45,3
DA:47,3
DA:49,0
DA:50,0
DA:52,3
DA:54,12
DA:56,9
DA:58,9
DA:60,3
DA:61,3
DA:62,3
DA:63,3
DA:64,3
DA:65,3
DA:66,3
DA:68,3
DA:70,6
DA:72,6
DA:73,6
DA:75,0
DA:76,0
DA:78,6
DA:80,6
DA:84,12
DA:86,12
DA:87,12
DA:88,12
DA:91,3
DA:93,3
DA:95,3
DA:96,21
DA:98,72
DA:100,54
DA:103,3
DA:105,3
DA:107,3
DA:108,3
DA:109,3
DA:110,3
DA:111,3
DA:112,3
DA:113,3
DA:114,3
DA:116,3
DA:118,3
DA:119,3
DA:120,3
DA:121,3
DA:122,3
DA:124,3
DA:126,3
DA:127,3
DA:128,3
DA:129,3
DA:130,3
DA:131,3
DA:133,3
DA:134,3
DA:135,3
DA:138,3
DA:140,3
DA:149,3
LF:83
LH:77
end_of_record
TN:
SF:/home/lea/Desktop/QwirkleInC/Qwirkle/Modele/test_gestionSac.c
FN:23,setup_zero
FN:33,setup_un
FN:44,setup_deux
FN:53,test_mettreTuilesdanslelot
FN:73,teardown0et1
FN:79,teardown2
FN:85,test_genererTuileSac
FN:109,test_melangerSac
FN:121,test_verifDoublonsSac
FN:127,test_piocherSac
FN:137,test_piocherTuiles
FN:147,test_retournerTuileSac
FN:164,test_action_piocher
FN:182,main_test_gestionSac
FNDA:6,setup_zero
FNDA:9,setup_un
FNDA:9,setup_deux
FNDA:3,test_mettreTuilesdanslelot
FNDA:15,teardown0et1
FNDA:9,teardown2
FNDA:3,test_genererTuileSac
FNDA:3,test_melangerSac
FNDA:3,test_verifDoublonsSac
FNDA:3,test_piocherSac
FNDA:3,test_piocherTuiles
FNDA:3,test_retournerTuileSac
FNDA:3,test_action_piocher
FNDA:3,main_test_gestionSac
FNF:14
FNH:14
DA:23,6
DA:25,6
DA:26,6
DA:27,0
DA:28,6
DA:29,6
DA:30,6
DA:33,9
DA:35,9
DA:36,9
DA:37,0
DA:38,9
DA:39,9
DA:40,9
DA:41,9
DA:44,9
DA:46,9
DA:47,9
DA:48,0
DA:49,9
DA:50,9
DA:53,3
DA:55,3
DA:56,3
DA:57,3
DA:59,21
DA:61,126
DA:63,108
DA:64,108
DA:65,108
DA:66,108
DA:67,108
DA:68,108
DA:69,108
DA:72,3
DA:73,15
DA:75,15
DA:76,15
DA:79,9
DA:81,9
DA:82,9
DA:85,3
DA:87,3
DA:88,3
DA:89,3
DA:90,3
DA:91,3
DA:93,21
DA:95,126
DA:97,108
DA:98,108
DA:99,108
DA:100,108
DA:101,108
DA:102,108
DA:103,108
DA:104,108
DA:107,3
DA:109,3
DA:111,3
DA:112,3
DA:113,3
DA:114,3
DA:116,327
DA:118,324
DA:120,3
DA:121,3
DA:123,3
DA:124,3
DA:125,3
DA:127,3
DA:129,3
DA:130,3
DA:131,3
DA:132,3
DA:133,3
DA:134,3
DA:135,3
DA:136,3
DA:137,3
DA:139,3
DA:140,3
DA:141,3
DA:142,3
DA:143,3
DA:144,3
DA:146,3
DA:147,3
DA:149,3
DA:150,3
DA:152,21
DA:154,18
DA:156,3
DA:157,3
DA:158,21
DA:160,18
DA:161,18
DA:163,3
DA:164,3
DA:166,3
DA:167,3
DA:168,3
DA:170,21
DA:172,18
DA:174,3
DA:175,21
DA:177,18
DA:178,12
DA:180,3
DA:182,3
DA:184,3
DA:195,3
LF:112
LH:109
end_of_record
TN:
SF:/home/lea/Desktop/QwirkleInC/Qwirkle/Modele/regle.c
FN:28,getTuileplateau
FN:66,nextDir
FN:100,hasvoisinTuile
FN:125,critereCouleurForme
FN:162,respectcriterePose
FN:196,dejaPosee
FN:221,isColorFormeCorrect
FN:267,compareCouleur
FN:280,compareForme
FNDA:994,getTuileplateau
FNDA:473,nextDir
FNDA:39,hasvoisinTuile
FNDA:83,critereCouleurForme
FNDA:68,respectcriterePose
FNDA:53,dejaPosee
FNDA:51,isColorFormeCorrect
FNDA:220,compareCouleur
FNDA:227,compareForme
FNF:9
FNH:9
DA:28,994
DA:30,994
DA:31,994
DA:32,994
DA:34,210
DA:35,210
DA:37,784
DA:39,246
DA:41,538
DA:43,266
DA:44,266
DA:46,272
DA:48,236
DA:50,36
DA:52,36
DA:53,36
DA:55,994
DA:66,473
DA:68,473
DA:69,473
DA:71,122
DA:73,351
DA:75,119
DA:77,232
DA:79,127
DA:81,105
DA:83,105
DA:85,0
DA:87,0
DA:89,473
DA:100,39
DA:102,39
DA:103,39
DA:104,195
DA:106,156
DA:107,156
DA:109,44
DA:112,39
DA:125,83
DA:128,83
DA:129,83
DA:131,71
DA:133,71
DA:135,45
DA:136,45
DA:137,45
DA:139,16
DA:141,29
DA:143,26
DA:148,41
DA:162,68
DA:164,68
DA:165,68
DA:166,68
DA:167,68
DA:169,16
DA:170,16
DA:172,6
DA:175,52
DA:177,23
DA:178,23
DA:180,12
DA:183,50
DA:196,53
DA:198,53
DA:199,53
DA:200,53
DA:201,197
DA:203,100
DA:204,100
DA:205,100
DA:207,9
DA:209,91
DA:211,44
DA:221,51
DA:223,51
DA:224,51
DA:225,216
DA:227,180
DA:228,180
DA:230,59
DA:231,59
DA:232,59
DA:234,3
DA:237,56
DA:238,56
DA:240,6
DA:242,50
DA:244,3
DA:247,47
DA:248,47
DA:250,3
DA:254,36
DA:267,220
DA:269,220
DA:280,227
DA:282,227
LF:97
LH:95
end_of_record
TN:
SF:/home/lea/Desktop/QwirkleInC/Qwirkle/Modele/gestionSac.c
FN:24,mettreTuilesdanslot
FN:49,genererTuileSac
FN:72,melangerSac
FN:101,verifDoublonsSac
FN:140,piocherSac
FN:170,piocherTuiles
FN:190,retournerTuileSac
FN:214,retournerTuileTab
FN:232,action_piocher
FNDA:75,mettreTuilesdanslot
FNDA:72,genererTuileSac
FNDA:69,melangerSac
FNDA:3,verifDoublonsSac
FNDA:876,piocherSac
FNDA:138,piocherTuiles
FNDA:6,retournerTuileSac
FNDA:12,retournerTuileTab
FNDA:3,action_piocher
FNF:9
FNH:9
DA:24,75
DA:27,75
DA:28,75
DA:29,525
DA:31,3150
DA:33,2700
DA:34,2700
DA:35,2700
DA:36,2700
DA:40,75
DA:49,72
DA:51,72
DA:52,7848
DA:55,7776
DA:56,7776
DA:58,72
DA:72,69
DA:74,69
DA:76,63
DA:79,6
DA:82,69
DA:83,69
DA:85,7431
DA:87,7362
DA:88,7362
DA:89,7362
DA:90,7362
DA:92,69
DA:101,3
DA:103,3
DA:104,3
DA:105,3
DA:106,327
DA:108,648
DA:110,324
DA:112,243
DA:114,189
DA:116,54
DA:117,54
DA:118,54
DA:120,0
DA:125,324
DA:128,3
DA:140,876
DA:142,876
DA:144,0
DA:145,0
DA:147,876
DA:149,0
DA:150,0
DA:152,876
DA:153,876
DA:155,876
DA:157,876
DA:158,876
DA:170,138
DA:172,138
DA:173,966
DA:175,828
DA:177,810
DA:178,810
DA:181,138
DA:190,6
DA:192,6
DA:193,42
DA:195,36
DA:197,30
DA:198,30
DA:199,30
DA:202,6
DA:214,12
DA:216,12
DA:217,12
DA:218,12
DA:219,12
DA:220,12
DA:222,12
DA:232,3
DA:235,3
DA:236,21
DA:238,18
DA:240,12
DA:243,3
DA:244,3
DA:245,3
DA:246,3
LF:86
LH:81
end_of_record
TN:
SF:/home/lea/Desktop/QwirkleInC/Qwirkle/Modele/joueur.c
FN:28,getPoints
FN:45,initPoints
FN:67,ajouterPoints
FN:84,creationJoueur
FN:116,freeJoueur
FNDA:21,getPoints
FNDA:167,initPoints
FNDA:90,ajouterPoints
FNDA:158,creationJoueur
FNDA:158,freeJoueur
FNF:5
FNH:5
DA:28,21
DA:30,21
DA:31,3
DA:33,18
DA:45,167
DA:47,167
DA:49,3
DA:52,164
DA:53,164
DA:67,90
DA:69,90
DA:70,90
DA:71,90
DA:84,158
DA:86,158
DA:87,158
DA:88,158
DA:90,0
DA:91,0
DA:93,158
DA:94,158
DA:96,0
DA:98,158
DA:99,158
DA:100,1106
DA:102,948
DA:104,158
DA:116,158
DA:118,158
DA:120,158
DA:121,158
DA:123,158
LF:32
LH:29
end_of_record
TN:
SF:/home/lea/Desktop/QwirkleInC/Qwirkle/Modele/tuile.c
FN:26,createTuile
FN:44,getCouleur
FN:56,getForme
FNDA:8388,createTuile
FNDA:443,getCouleur
FNDA:457,getForme
FNF:3
FNH:3
DA:26,8388
DA:29,8388
DA:30,8388
DA:31,8388
DA:32,8388
DA:33,8388
DA:44,443
DA:46,443
DA:56,457
DA:58,457
LF:10
LH:10
end_of_record
TN:
SF:/home/lea/Desktop/QwirkleInC/Qwirkle/Modele/test_tuile.c
FN:24,test_getCouleur
FN:30,test_getForme
FN:36,test_createTuile
FN:45,main_test_tuile
FNDA:3,test_getCouleur
FNDA:3,test_getForme
FNDA:3,test_createTuile
FNDA:3,main_test_tuile
FNF:4
FNH:4
DA:24,3
DA:26,3
DA:27,3
DA:28,3
DA:30,3
DA:32,3
DA:33,3
DA:34,3
DA:36,3
DA:38,3
DA:39,3
DA:40,3
DA:41,3
DA:42,3
DA:43,3
DA:45,3
DA:47,3
DA:54,3
LF:18
LH:18
end_of_record
TN:
SF:/home/lea/Desktop/QwirkleInC/Qwirkle/Modele/test_joueur.c
FN:21,setup_zero
FN:31,test_initPoints
FN:38,test_ajouterPoints
FN:47,teardown
FN:53,test_getPoints
FN:60,test_getPointsNULL
FN:65,test_initPointsNULL
FN:71,main_test_joueur
FNDA:9,setup_zero
FNDA:3,test_initPoints
FNDA:3,test_ajouterPoints
FNDA:9,teardown
FNDA:3,test_getPoints
FNDA:3,test_getPointsNULL
FNDA:3,test_initPointsNULL
FNDA:3,main_test_joueur
FNF:8
FNH:8
DA:21,9
DA:23,9
DA:24,9
DA:25,9
DA:26,0
DA:27,9
DA:28,9
DA:31,3
DA:33,3
DA:34,3
DA:35,3
DA:36,3
DA:38,3
DA:40,3
DA:41,3
DA:42,3
DA:43,3
DA:44,3
DA:45,3
DA:47,9
DA:49,9
DA:50,9
DA:53,3
DA:55,3
DA:56,3
DA:57,3
DA:58,3
DA:60,3
DA:62,3
DA:63,3
DA:64,3
DA:65,3
DA:67,3
DA:68,3
DA:69,3
DA:71,3
DA:73,3
DA:81,3
LF:38
LH:37
end_of_record
TN:
SF:/home/lea/Desktop/QwirkleInC/Qwirkle/Modele/plateau.c
FN:25,initPlateau
FN:56,freePlateau
FN:73,modifieZonedeJeu
FN:110,poserTuile
FN:131,iscaseEmpty
FNDA:71,initPlateau
FNDA:71,freePlateau
FNDA:3,modifieZonedeJeu
FNDA:83,poserTuile
FNDA:6,iscaseEmpty
FNF:5
FNH:5
DA:25,71
DA:27,71
DA:28,71
DA:30,0
DA:33,14271
DA:35,2854200
DA:37,2840000
DA:41,71
DA:42,71
DA:43,71
DA:44,71
DA:45,71
DA:56,71
DA:58,71
DA:60,71
DA:63,71
DA:73,3
DA:76,3
DA:77,0
DA:79,603
DA:81,120600
DA:83,120000
DA:85,6
DA:86,3
DA:87,6
DA:88,3
DA:89,6
DA:90,3
DA:91,6
DA:92,3
DA:110,83
DA:113,83
DA:115,83
DA:116,83
DA:117,83
DA:119,83
DA:131,6
DA:133,6
DA:135,6
DA:138,0
LF:40
LH:37
end_of_record
TN:
SF:/home/lea/Desktop/QwirkleInC/Qwirkle/Modele/partie.c
FN:31,CommencerPartie
FN:62,creationPartie
FN:85,distibutionInit
FN:104,joueurSuivant
FN:125,getJoueurCourant
FN:148,placerTuileMilieu
FN:172,freePartie
FNDA:56,CommencerPartie
FNDA:71,creationPartie
FNDA:59,distibutionInit
FNDA:25,joueurSuivant
FNDA:3738,getJoueurCourant
FNDA:65,placerTuileMilieu
FNDA:62,freePartie
FNF:7
FNH:7
DA:31,56
DA:33,56
DA:35,56
DA:36,187
DA:38,131
DA:40,131
DA:42,56
DA:43,56
DA:44,56
DA:45,56
DA:46,56
DA:47,56
DA:49,56
DA:62,71
DA:64,71
DA:65,71
DA:66,0
DA:67,71
DA:68,238
DA:69,167
DA:70,71
DA:71,71
DA:72,71
DA:75,71
DA:85,59
DA:87,199
DA:89,140
DA:90,140
DA:92,59
DA:93,59
DA:104,25
DA:106,25
DA:108,0
DA:109,0
DA:111,25
DA:112,25
DA:114,6
DA:125,3738
DA:127,3738
DA:129,3
DA:130,3
DA:132,3735
DA:134,0
DA:135,0
DA:137,3735
DA:148,65
DA:150,65
DA:151,65
DA:152,65
DA:153,65
DA:154,65
DA:155,0
DA:158,65
DA:159,65
DA:160,65
DA:172,62
DA:174,62
DA:176,62
DA:178,62
DA:179,211
DA:181,149
DA:183,62
DA:185,62
LF:63
LH:57
end_of_record
TN:
SF:/home/lea/Desktop/QwirkleInC/Qwirkle/main.c
FN:14,main
FNDA:3,main
FNF:1
FNH:1
DA:14,3
DA:35,3
DA:36,3
DA:37,3
DA:38,3
DA:39,3
DA:40,3
DA:41,3
DA:43,3
LF:9
LH:9
end_of_record
TN:
SF:/home/lea/Desktop/QwirkleInC/Qwirkle/Controleur/controleur.c
FN:29,init_window
FN:47,init_renderer
FN:65,action_joueur
FN:227,action_piocher_tuiles
FN:387,action_poser_tuiles
FN:728,action_quitter_partie
FN:756,init_input
FN:790,arrows_rezising_plateau
FN:845,arrows_rezising_posertuiles
FN:909,rules_check
FN:979,updateEvent
FN:1016,fin_partie
FNDA:2,init_window
FNDA:2,init_renderer
FNDA:15,action_joueur
FNDA:2,action_piocher_tuiles
FNDA:11,action_poser_tuiles
FNDA:2,action_quitter_partie
FNDA:2,init_input
FNDA:4263,arrows_rezising_plateau
FNDA:3268,arrows_rezising_posertuiles
FNDA:14,rules_check
FNDA:8374,updateEvent
FNDA:0,fin_partie
FNF:12
FNH:11
DA:29,2
DA:31,2
DA:32,2
DA:35,2
DA:47,2
DA:49,2
DA:50,2
DA:51,2
DA:53,2
DA:65,15
DA:67,15
DA:68,15
DA:69,15
DA:70,15
DA:71,15
DA:75,15
DA:76,15
DA:80,15
DA:82,15
DA:83,15
DA:84,15
DA:85,15
DA:86,15
DA:88,15
DA:91,15
DA:94,15
DA:97,15
DA:98,15
DA:100,15
DA:104,0
DA:105,0
DA:108,15
DA:109,3997
DA:112,3969
DA:116,3969
DA:118,2
DA:119,2
DA:120,4
DA:127,3967
DA:129,11
DA:130,11
DA:132,11
DA:138,3967
DA:140,2
DA:141,2
DA:142,2
DA:144,0
DA:149,2
DA:155,3967
DA:160,13
DA:162,0
DA:167,13
DA:169,0
DA:170,0
DA:171,0
DA:178,13
DA:179,91
DA:181,78
DA:182,0
DA:184,13
DA:186,0
DA:187,0
DA:190,13
DA:192,0
DA:197,13
DA:201,0
DA:205,13
DA:206,867
DA:208,841
DA:210,13
DA:211,13
DA:212,13
DA:213,13
DA:227,2
DA:229,2
DA:230,2
DA:233,2
DA:234,2
DA:236,2
DA:241,2
DA:243,2
DA:244,2
DA:245,2
DA:246,2
DA:247,2
DA:249,2
DA:250,293
DA:252,289
DA:256,2023
DA:258,1734
DA:260,4
DA:261,4
DA:263,4
DA:265,4
DA:266,4
DA:267,4
DA:272,0
DA:273,0
DA:274,0
DA:280,2023
DA:282,1734
DA:283,320
DA:285,289
DA:287,180
DA:289,2
DA:290,2
DA:292,180
DA:294,2
DA:295,2
DA:296,2
DA:299,180
DA:301,109
DA:303,0
DA:304,0
DA:307,289
DA:309,0
DA:310,0
DA:311,0
DA:313,0
DA:314,0
DA:316,0
DA:318,0
DA:321,0
DA:322,0
DA:326,289
DA:329,0
DA:333,289
DA:340,2
DA:343,2
DA:344,14
DA:346,12
DA:347,4
DA:349,2
DA:350,2
DA:351,2
DA:353,11
DA:355,7
DA:357,7
DA:359,2
DA:360,2
DA:361,2
DA:364,7
DA:367,0
DA:371,7
DA:375,2
DA:387,11
DA:389,11
DA:390,11
DA:394,11
DA:395,11
DA:397,11
DA:400,11
DA:401,11
DA:402,11
DA:403,11
DA:404,11
DA:405,11
DA:406,11
DA:407,11
DA:408,11
DA:409,11
DA:410,11
DA:411,11
DA:414,11
DA:415,11
DA:416,11
DA:417,11
DA:418,11
DA:421,3290
DA:423,3268
DA:427,3268
DA:429,0
DA:430,0
DA:431,0
DA:432,0
DA:433,0
DA:434,0
DA:438,0
DA:439,0
DA:442,0
DA:444,0
DA:445,0
DA:452,3268
DA:456,10353
DA:458,8874
DA:461,14
DA:462,14
DA:464,14
DA:465,14
DA:466,14
DA:474,0
DA:475,0
DA:476,0
DA:477,0
DA:478,0
DA:479,0
DA:480,0
DA:484,0
DA:485,0
DA:486,0
DA:488,0
DA:490,0
DA:495,1479
DA:496,10353
DA:498,8874
DA:500,485
DA:504,1479
DA:506,342
DA:508,11
DA:509,11
DA:511,342
DA:513,11
DA:514,11
DA:520,1137
DA:522,0
DA:523,0
DA:527,1479
DA:529,25
DA:530,25
DA:531,25
DA:532,25
DA:537,3268
DA:541,1803
DA:543,408
DA:545,6700
DA:547,6321
DA:549,15
DA:551,15
DA:552,105
DA:554,90
DA:556,0
DA:560,15
DA:562,15
DA:563,15
DA:564,15
DA:565,15
DA:566,15
DA:567,15
DA:570,15
DA:571,15
DA:573,15
DA:574,15
DA:575,15
DA:576,15
DA:586,1803
DA:588,0
DA:589,0
DA:590,0
DA:591,0
DA:592,0
DA:593,0
DA:594,0
DA:595,0
DA:596,0
DA:597,0
DA:599,0
DA:600,0
DA:601,0
DA:603,0
DA:605,0
DA:606,0
DA:611,1803
DA:613,920
DA:615,14
DA:616,14
DA:618,920
DA:620,14
DA:621,14
DA:622,14
DA:623,14
DA:624,14
DA:625,14
DA:627,14
DA:628,14
DA:629,14
DA:630,14
DA:631,14
DA:637,883
DA:639,0
DA:640,0
DA:644,883
DA:648,1803
DA:650,14
DA:651,14
DA:652,14
DA:655,1803
DA:657,14
DA:658,14
DA:661,1803
DA:666,3268
DA:668,0
DA:674,3268
DA:680,11
DA:682,11
DA:687,11
DA:688,77
DA:690,66
DA:692,14
DA:693,14
DA:695,66
DA:700,11
DA:701,11
DA:702,11
DA:703,11
DA:705,11
DA:706,77
DA:708,66
DA:710,14
DA:715,11
DA:728,2
DA:734,2
DA:735,2
DA:736,2
DA:737,2
DA:738,2
DA:739,2
DA:740,2
DA:744,2
DA:756,2
DA:759,1026
DA:761,1024
DA:763,2
DA:764,2
DA:765,2
DA:766,2
DA:767,2
DA:768,2
DA:769,2
DA:770,2
DA:771,2
DA:773,14
DA:775,12
DA:778,2
DA:780,2
DA:790,4263
DA:796,4263
DA:798,0
DA:799,0
DA:800,0
DA:801,0
DA:806,4263
DA:808,0
DA:809,0
DA:810,0
DA:811,0
DA:815,4263
DA:817,0
DA:818,0
DA:819,0
DA:820,0
DA:825,4263
DA:827,0
DA:828,0
DA:829,0
DA:830,0
DA:834,4263
DA:845,3268
DA:849,3268
DA:851,0
DA:852,0
DA:853,0
DA:854,0
DA:855,0
DA:856,0
DA:861,3268
DA:863,0
DA:864,0
DA:865,0
DA:866,0
DA:867,0
DA:868,0
DA:873,3268
DA:875,0
DA:876,0
DA:877,0
DA:878,0
DA:879,0
DA:880,0
DA:886,3268
DA:888,0
DA:889,0
DA:890,0
DA:891,0
DA:892,0
DA:893,0
DA:897,3268
DA:909,14
DA:912,14
DA:915,14
DA:916,14
DA:918,14
DA:922,0
DA:926,14
DA:927,14
DA:929,14
DA:930,14
DA:934,0
DA:935,0
DA:937,0
DA:941,14
DA:943,14
DA:944,14
DA:948,0
DA:951,14
DA:953,0
DA:954,0
DA:958,14
DA:962,14
DA:979,8374
DA:982,8374
DA:984,8374
DA:985,1
DA:986,8374
DA:987,3
DA:988,8374
DA:989,2
DA:990,8374
DA:992,8038
DA:993,8038
DA:994,8038
DA:995,8038
DA:997,8374
DA:999,0
DA:1000,0
DA:1002,8374
DA:1003,92
DA:1004,8374
DA:1005,92
DA:1006,8374
DA:1016,0
DA:1021,0
DA:1022,0
DA:1024,0
LF:433
LH:307
end_of_record
TN:
SF:/home/lea/Desktop/QwirkleInC/Qwirkle/Controleur/respectRegles.c
FN:37,isTuileCorrect
FN:69,nbrtuilesposee
FN:89,linkedtotherest
FN:142,isTuileCorrect2
FN:184,stillawordXy
FN:221,isWordCorrect
FN:278,istabtuilesVide
FNDA:15,isTuileCorrect
FNDA:14,nbrtuilesposee
FNDA:14,linkedtotherest
FNDA:14,isTuileCorrect2
FNDA:3,stillawordXy
FNDA:14,isWordCorrect
FNDA:28,istabtuilesVide
FNF:7
FNH:7
DA:37,15
DA:39,15
DA:41,15
DA:42,15
DA:43,15
DA:45,15
DA:47,15
DA:48,15
DA:50,15
DA:51,15
DA:52,15
DA:53,15
DA:54,15
DA:55,15
DA:59,15
DA:60,15
DA:69,14
DA:71,14
DA:72,98
DA:74,84
DA:75,18
DA:77,14
DA:89,14
DA:91,14
DA:93,14
DA:95,14
DA:96,3
DA:97,3
DA:99,21
DA:101,18
DA:103,7
DA:105,7
DA:106,35
DA:108,28
DA:109,28
DA:110,14
DA:111,98
DA:113,84
DA:117,7
DA:123,10
DA:125,7
DA:126,6
DA:128,3
DA:129,3
DA:142,14
DA:146,14
DA:147,14
DA:149,14
DA:151,14
DA:153,98
DA:155,84
DA:157,18
DA:159,18
DA:160,18
DA:161,18
DA:162,18
DA:164,18
DA:165,18
DA:166,18
DA:167,18
DA:171,14
DA:172,14
DA:184,3
DA:186,3
DA:187,3
DA:188,3
DA:190,2
DA:192,1
DA:194,1
DA:195,1
DA:201,5
DA:203,3
DA:205,3
DA:206,3
DA:210,3
DA:221,14
DA:223,14
DA:225,14
DA:226,14
DA:227,98
DA:229,84
DA:231,18
DA:233,18
DA:234,18
DA:239,14
DA:241,3
DA:242,3
DA:244,7
DA:246,4
DA:247,2
DA:249,4
DA:252,4
DA:253,4
DA:255,3
DA:257,2
DA:258,2
DA:260,1
DA:262,1
DA:263,1
DA:265,0
DA:267,14
DA:268,14
DA:278,28
DA:280,28
DA:281,196
DA:283,168
DA:284,36
DA:286,28
LF:108
LH:107
end_of_record
